<?xml version="1.0" encoding="UTF-8"?>
<testng-results ignored="0" total="2" passed="2" failed="0" skipped="0">
  <reporter-output>
  </reporter-output>
  <suite started-at="2026-03-21T18:42:12 ICT" name="Surefire suite" finished-at="2026-03-21T18:42:22 ICT" duration-ms="9636">
    <groups>
    </groups>
    <test started-at="2026-03-21T18:42:12 ICT" name="Surefire test" finished-at="2026-03-21T18:42:22 ICT" duration-ms="9636">
      <class name="org.example.BrowserLaunchTest">
        <test-method is-config="true" signature="startDriver(java.lang.String)[pri:0, instance:org.example.BrowserLaunchTest@7ff95560]" started-at="2026-03-21T18:42:12 ICT" name="startDriver" finished-at="2026-03-21T18:42:20 ICT" duration-ms="7645" status="PASS">
          <params>
            <param index="0">
              <value is-null="true"/>
            </param>
          </params>
          <reporter-output>
          </reporter-output>
        </test-method> <!-- startDriver -->
        <test-method signature="testBrowserCapabilities()[pri:0, instance:org.example.BrowserLaunchTest@7ff95560]" started-at="2026-03-21T18:42:20 ICT" name="testBrowserCapabilities" finished-at="2026-03-21T18:42:20 ICT" duration-ms="30" status="PASS">
          <reporter-output>
          </reporter-output>
        </test-method> <!-- testBrowserCapabilities -->
        <test-method is-config="true" signature="quitDriver(java.lang.String,org.testng.ITestResult)[pri:0, instance:org.example.BrowserLaunchTest@7ff95560]" started-at="2026-03-21T18:42:20 ICT" name="quitDriver" finished-at="2026-03-21T18:42:20 ICT" duration-ms="98" status="PASS">
          <params>
            <param index="0">
              <value is-null="true"/>
            </param>
            <param index="1">
              <value>
                <![CDATA[[TestResult name=testBrowserCapabilities status=SUCCESS method=BrowserLaunchTest.testBrowserCapabilities()[pri:0, instance:org.example.BrowserLaunchTest@7ff95560] output={null}]]]>
              </value>
            </param>
          </params>
          <reporter-output>
          </reporter-output>
        </test-method> <!-- quitDriver -->
        <test-method is-config="true" signature="startDriver(java.lang.String)[pri:0, instance:org.example.BrowserLaunchTest@7ff95560]" started-at="2026-03-21T18:42:20 ICT" name="startDriver" finished-at="2026-03-21T18:42:21 ICT" duration-ms="1074" status="PASS">
          <params>
            <param index="0">
              <value is-null="true"/>
            </param>
          </params>
          <reporter-output>
          </reporter-output>
        </test-method> <!-- startDriver -->
        <test-method signature="testChromeBrowserLaunch()[pri:0, instance:org.example.BrowserLaunchTest@7ff95560]" started-at="2026-03-21T18:42:21 ICT" name="testChromeBrowserLaunch" finished-at="2026-03-21T18:42:22 ICT" duration-ms="682" status="PASS">
          <reporter-output>
          </reporter-output>
        </test-method> <!-- testChromeBrowserLaunch -->
        <test-method is-config="true" signature="quitDriver(java.lang.String,org.testng.ITestResult)[pri:0, instance:org.example.BrowserLaunchTest@7ff95560]" started-at="2026-03-21T18:42:22 ICT" name="quitDriver" finished-at="2026-03-21T18:42:22 ICT" duration-ms="86" status="PASS">
          <params>
            <param index="0">
              <value is-null="true"/>
            </param>
            <param index="1">
              <value>
                <![CDATA[[TestResult name=testChromeBrowserLaunch status=SUCCESS method=BrowserLaunchTest.testChromeBrowserLaunch()[pri:0, instance:org.example.BrowserLaunchTest@7ff95560] output={null}]]]>
              </value>
            </param>
          </params>
          <reporter-output>
          </reporter-output>
        </test-method> <!-- quitDriver -->
        <test-method is-config="true" signature="tearDownClass()[pri:0, instance:org.example.BrowserLaunchTest@7ff95560]" started-at="2026-03-21T18:42:22 ICT" name="tearDownClass" finished-at="2026-03-21T18:42:22 ICT" duration-ms="4" status="PASS">
          <reporter-output>
          </reporter-output>
        </test-method> <!-- tearDownClass -->
      </class> <!-- org.example.BrowserLaunchTest -->
    </test> <!-- Surefire test -->
  </suite> <!-- Surefire suite -->
</testng-results>
