<?xml version="1.0" encoding="UTF-8"?>
<!-- Generated by org.testng.reporters.JUnitReportReporter -->
<testsuite hostname="Phans-MacBook-Air.local" failures="0" tests="2" name="org.example.BrowserLaunchTest" time="9.615" errors="0" timestamp="2026-03-21T18:42:22 ICT" skipped="0">
  <testcase classname="org.example.BrowserLaunchTest" name="testChromeBrowserLaunch" time="8.425"/>
  <system-out/>
  <testcase classname="org.example.BrowserLaunchTest" name="testBrowserCapabilities" time="1.190"/>
  <system-out/>
</testsuite> <!-- org.example.BrowserLaunchTest -->
